[06/16/18, 19:00:39:609] info: ╔══════════════════════════════════════════════════════════════════════════════╗
[06/16/18, 19:00:39:610] info: ║      Slack 3.0.0, linux 4.15.10-1-ARCH on x64 at 06/16/18, 19:00:39:604      ║
[06/16/18, 19:00:39:610] info: ╚══════════════════════════════════════════════════════════════════════════════╝
[06/16/18, 19:00:39:755] info: Initializing local storage instance at path: /home/pieter-jan/.config/Slack/local-settings.json
[06/16/18, 19:00:40:060] info: updateSuspendResume: true
[06/16/18, 19:00:40:060] warn: updateSpellcheckerLanguage: Tried to update language, but spellchecker not initialized
[06/16/18, 19:00:43:494] info: Store: UPSERT_WEB_CONTENTS
{
  "id": 3,
  "state": "loaded",
  "teamId": "T8KGJDVTQ"
}
[06/16/18, 19:00:43:496] info: Store: MAIN_WINDOW_SHOWN
[06/16/18, 19:00:44:464] info: Store: UPSERT_WEB_CONTENTS
{
  "id": 4,
  "state": "loaded",
  "teamId": "T6SGGRDBP"
}
[06/16/18, 19:00:44:466] info: Store: UPSERT_WEB_CONTENTS
{
  "id": 5,
  "state": "loaded",
  "teamId": "T9A14CKNZ"
}
[06/16/18, 19:00:44:467] info: Store: UPDATE_SESSION_STATUS
{
  "hasValidSession": true,
  "teamId": "T8KGJDVTQ"
}
[06/16/18, 19:00:44:798] info: Store: UPDATE_SESSION_STATUS
{
  "hasValidSession": true,
  "teamId": "T6SGGRDBP"
}
[06/16/18, 19:00:44:803] info: Store: UPDATE_SESSION_STATUS
{
  "hasValidSession": true,
  "teamId": "T9A14CKNZ"
}
[06/16/18, 19:00:44:803] info: Store: SELECT_CHANNEL G8LS2H9NJ
[06/16/18, 19:00:44:805] info: Store: SELECT_CHANNEL C6SGGRKTP
[06/16/18, 19:00:44:805] info: Store: UPDATE_TEAM_LOCALE
{
  "locale": "en-US"
}
[06/16/18, 19:00:44:805] info: Store: UPDATE_SETTINGS
{
  "locale": "en-US"
}
[06/16/18, 19:00:44:808] info: Store: SELECT_CHANNEL C9AUM0F8X
[06/16/18, 19:00:44:808] info: Store: UPDATE_TEAM_LOCALE
{
  "locale": "en-US"
}
[06/16/18, 19:00:44:817] info: Store: UPDATE_TEAM_LOCALE
{
  "locale": "en-US",
  "teamId": "T8KGJDVTQ"
}
[06/16/18, 19:00:44:818] info: Store: UPDATE_TEAM_THEME
{
  "teamId": "T8KGJDVTQ",
  "theme": {
    "active_item": "#4C9689",
    "active_item_text": "#FFFFFF",
    "active_presence": "#38978D",
    "badge": "#EB4D5C",
    "column_bg": "#4D394B",
    "hover_item": "#3E313C",
    "menu_bg": "#3E313C",
    "text_color": "#FFFFFF"
  }
}
[06/16/18, 19:00:44:820] info: Store: UPDATE_TEAM_LOCALE
{
  "locale": "en-US",
  "teamId": "T6SGGRDBP"
}
[06/16/18, 19:00:44:820] info: Store: UPSERT_WEB_CONTENTS
{
  "id": 4,
  "state": "webapp-loaded",
  "teamId": "T6SGGRDBP"
}
[06/16/18, 19:00:44:834] info: Store: UPDATE_TEAM_LOCALE
{
  "locale": "en-US",
  "teamId": "T9A14CKNZ"
}
[06/16/18, 19:00:44:835] info: Store: UPSERT_WEB_CONTENTS
{
  "id": 5,
  "state": "webapp-loaded",
  "teamId": "T9A14CKNZ"
}
[06/16/18, 19:00:44:836] info: Store: STORE_API_TOKEN
{
  "teamId": "T6SGGRDBP",
  "token": "xoxs-⋯"
}
[06/16/18, 19:00:44:838] info: Store: UPDATE_TEAM_THEME
{
  "teamId": "T6SGGRDBP",
  "theme": {
    "active_item": "#4C9689",
    "active_item_text": "#FFFFFF",
    "active_presence": "#38978D",
    "badge": "#EB4D5C",
    "column_bg": "#4D394B",
    "hover_item": "#3E313C",
    "menu_bg": "#3E313C",
    "text_color": "#FFFFFF"
  }
}
[06/16/18, 19:00:45:008] info: Store: STORE_API_TOKEN
{
  "teamId": "T9A14CKNZ",
  "token": "xoxs-⋯"
}
[06/16/18, 19:00:45:025] info: Store: UPDATE_TEAM_THEME
{
  "teamId": "T9A14CKNZ",
  "theme": {
    "active_item": "#6698C8",
    "active_item_text": "#FFFFFF",
    "active_presence": "#94E864",
    "badge": "#78AF8F",
    "column_bg": "#303E4D",
    "hover_item": "#4A5664",
    "menu_bg": "#2C3849",
    "text_color": "#FFFFFF"
  }
}
[06/16/18, 19:00:45:713] info: Store: UPDATE_TEAM_ICONS
{
  "icons": {
    "image_102": "https://slack-files2.s3-us-west-2.amazonaws.com/avatars/2017-12-22/290747504084_06553d4bb8012621e99a_102.png",
    "image_132": "https://slack-files2.s3-us-west-2.amazonaws.com/avatars/2017-12-22/290747504084_06553d4bb8012621e99a_132.png",
    "image_230": "https://slack-files2.s3-us-west-2.amazonaws.com/avatars/2017-12-22/290747504084_06553d4bb8012621e99a_230.png",
    "image_34": "https://slack-files2.s3-us-west-2.amazonaws.com/avatars/2017-12-22/290747504084_06553d4bb8012621e99a_34.png",
    "image_44": "https://slack-files2.s3-us-west-2.amazonaws.com/avatars/2017-12-22/290747504084_06553d4bb8012621e99a_44.png",
    "image_68": "https://slack-files2.s3-us-west-2.amazonaws.com/avatars/2017-12-22/290747504084_06553d4bb8012621e99a_68.png",
    "image_88": "https://slack-files2.s3-us-west-2.amazonaws.com/avatars/2017-12-22/290747504084_06553d4bb8012621e99a_88.png",
    "image_original": "https://slack-files2.s3-us-west-2.amazonaws.com/avatars/2017-12-22/290747504084_06553d4bb8012621e99a_original.png"
  },
  "teamId": "T8KGJDVTQ"
}
[06/16/18, 19:00:45:714] info: Store: UPDATE_TEAM_LOCALE
{
  "locale": "en-US",
  "teamId": "T8KGJDVTQ"
}
[06/16/18, 19:00:45:715] info: Store: UPSERT_WEB_CONTENTS
{
  "id": 3,
  "state": "webapp-loaded",
  "teamId": "T8KGJDVTQ"
}
[06/16/18, 19:00:45:732] info: Store: STORE_API_TOKEN
{
  "teamId": "T8KGJDVTQ",
  "token": "xoxs-⋯"
}
[06/16/18, 19:00:45:791] info: Raw Locale list: ["C","en_US.utf8","POSIX",""]
[06/16/18, 19:00:45:791] info: Filtered Locale list: ["en_US"]
[06/16/18, 19:00:45:791] info: Counts: {"en":["en_US"]}
[06/16/18, 19:00:45:791] info: Setting en
[06/16/18, 19:00:45:792] info: Result: {"en":"en-US"}
[06/16/18, 19:00:45:794] info: Requesting to load en-US, alternatives are ["en-US","en-US","en-US"]
[06/16/18, 19:00:45:796] info: Loading dictionary for language en-US
[06/16/18, 19:00:45:796] info: Returning local copy: /home/pieter-jan/.config/Slack/dictionaries/en-US.bdic
[06/16/18, 19:00:45:800] info: Setting current spellchecker to en-US, requested language was en-US
[06/16/18, 19:00:45:800] info: Creating node-spellchecker instance
[06/16/18, 19:00:45:801] info: Actually installing spell check provider to Electron
[06/16/18, 19:00:46:283] info: Loading dictionary for language en-US
[06/16/18, 19:00:46:283] info: Returning local copy: /home/pieter-jan/.config/Slack/dictionaries/en-US.bdic
[06/16/18, 19:00:46:284] info: Setting current spellchecker to en-US, requested language was en-US
[06/16/18, 19:00:58:230] info: Store: MAIN_WINDOW_FOCUSED
[06/16/18, 19:00:58:329] info: Store: SELECT_TEAM T9A14CKNZ
[06/16/18, 19:01:16:169] info: Store: SELECT_CHANNEL D9A3RJY7N
[06/16/18, 19:03:21:704] info: Store: MAIN_WINDOW_FOCUSED
[06/16/18, 19:03:21:705] info: Store: MAIN_WINDOW_FOCUSED
[06/16/18, 19:03:25:962] info: Store: SELECT_CHANNEL C9AUM0F8X
[06/16/18, 19:06:56:619] info: Store: MAIN_WINDOW_FOCUSED
[06/16/18, 19:06:56:620] info: Store: MAIN_WINDOW_FOCUSED
[06/16/18, 19:14:54:917] info: Store: MAIN_WINDOW_FOCUSED
[06/16/18, 19:14:54:918] info: Store: MAIN_WINDOW_FOCUSED
[06/16/18, 19:17:51:428] info: Store: MAIN_WINDOW_FOCUSED
[06/16/18, 19:17:51:431] info: Store: MAIN_WINDOW_FOCUSED
[06/16/18, 19:19:35:381] info: Store: MAIN_WINDOW_FOCUSED
[06/16/18, 19:19:35:384] info: Store: MAIN_WINDOW_FOCUSED
[06/16/18, 19:19:53:006] info: Store: MAIN_WINDOW_FOCUSED
[06/16/18, 19:19:53:007] info: Store: MAIN_WINDOW_FOCUSED
[06/16/18, 19:23:22:934] info: Store: MAIN_WINDOW_FOCUSED
[06/16/18, 19:23:22:938] info: Store: MAIN_WINDOW_FOCUSED
[06/16/18, 19:23:39:103] info: Store: MAIN_WINDOW_FOCUSED
[06/16/18, 19:23:39:109] info: Store: SELECT_TEAM T8KGJDVTQ
[06/16/18, 19:23:40:625] info: Store: MAIN_WINDOW_FOCUSED
[06/16/18, 19:23:40:633] info: Store: SELECT_TEAM T9A14CKNZ
[06/16/18, 19:55:42:113] info: Store: MAIN_WINDOW_FOCUSED
[06/16/18, 19:55:42:116] info: Store: MAIN_WINDOW_FOCUSED
[06/16/18, 19:56:18:085] info: Store: MAIN_WINDOW_FOCUSED
[06/16/18, 19:56:18:086] info: Store: MAIN_WINDOW_FOCUSED
