[06/16/18, 19:00:40:039] info: ╔══════════════════════════════════════════════════════════════════════════════╗
[06/16/18, 19:00:40:040] info: ║      Slack 3.0.0, linux 4.15.10-1-ARCH on x64 at 06/16/18, 19:00:40:036      ║
[06/16/18, 19:00:40:040] info: ╚══════════════════════════════════════════════════════════════════════════════╝
[06/16/18, 19:00:40:160] info: Initializing local storage instance at path: /home/pieter-jan/.config/Slack/local-settings.json
[06/16/18, 19:00:40:522] info: updateSuspendResume: true
[06/16/18, 19:00:40:523] warn: updateSpellcheckerLanguage: Tried to update language, but spellchecker not initialized
[06/16/18, 19:00:43:445] info: Store: UPSERT_WEB_CONTENTS
{
  "id": 3,
  "state": "loaded",
  "teamId": "T8KGJDVTQ"
}
[06/16/18, 19:00:43:448] info: Store: MAIN_WINDOW_SHOWN
[06/16/18, 19:00:45:163] info: Store: UPSERT_WEB_CONTENTS
{
  "id": 4,
  "state": "loaded",
  "teamId": "T6SGGRDBP"
}
[06/16/18, 19:00:45:450] info: Store: UPSERT_WEB_CONTENTS
{
  "id": 5,
  "state": "loaded",
  "teamId": "T9A14CKNZ"
}
[06/16/18, 19:00:45:463] info: Store: UPDATE_SESSION_STATUS
{
  "hasValidSession": true,
  "teamId": "T8KGJDVTQ"
}
[06/16/18, 19:00:45:463] info: Store: UPDATE_SESSION_STATUS
{
  "hasValidSession": true,
  "teamId": "T6SGGRDBP"
}
[06/16/18, 19:00:45:464] info: Store: UPDATE_SESSION_STATUS
{
  "hasValidSession": true,
  "teamId": "T9A14CKNZ"
}
[06/16/18, 19:00:45:468] info: Store: SELECT_CHANNEL G8LS2H9NJ
[06/16/18, 19:00:45:469] info: Store: SELECT_CHANNEL C6SGGRKTP
[06/16/18, 19:00:45:469] info: Store: UPDATE_TEAM_LOCALE
{
  "locale": "en-US"
}
[06/16/18, 19:00:45:469] info: Store: UPDATE_SETTINGS
{
  "locale": "en-US"
}
[06/16/18, 19:00:45:471] info: Store: SELECT_CHANNEL C9AUM0F8X
[06/16/18, 19:00:45:471] info: Store: UPDATE_TEAM_LOCALE
{
  "locale": "en-US"
}
[06/16/18, 19:00:45:472] info: Store: UPDATE_TEAM_LOCALE
{
  "locale": "en-US",
  "teamId": "T8KGJDVTQ"
}
[06/16/18, 19:00:45:472] info: Store: UPDATE_TEAM_THEME
{
  "teamId": "T8KGJDVTQ",
  "theme": {
    "active_item": "#4C9689",
    "active_item_text": "#FFFFFF",
    "active_presence": "#38978D",
    "badge": "#EB4D5C",
    "column_bg": "#4D394B",
    "hover_item": "#3E313C",
    "menu_bg": "#3E313C",
    "text_color": "#FFFFFF"
  }
}
[06/16/18, 19:00:45:473] info: Store: UPDATE_TEAM_LOCALE
{
  "locale": "en-US",
  "teamId": "T6SGGRDBP"
}
[06/16/18, 19:00:45:473] info: Store: UPSERT_WEB_CONTENTS
{
  "id": 4,
  "state": "webapp-loaded",
  "teamId": "T6SGGRDBP"
}
[06/16/18, 19:00:45:534] info: Store: UPDATE_TEAM_LOCALE
{
  "locale": "en-US",
  "teamId": "T9A14CKNZ"
}
[06/16/18, 19:00:45:535] info: Store: UPSERT_WEB_CONTENTS
{
  "id": 5,
  "state": "webapp-loaded",
  "teamId": "T9A14CKNZ"
}
[06/16/18, 19:00:45:535] info: Store: STORE_API_TOKEN
{
  "teamId": "T6SGGRDBP",
  "token": "xoxs-⋯"
}
[06/16/18, 19:00:45:536] info: Store: UPDATE_TEAM_THEME
{
  "teamId": "T6SGGRDBP",
  "theme": {
    "active_item": "#4C9689",
    "active_item_text": "#FFFFFF",
    "active_presence": "#38978D",
    "badge": "#EB4D5C",
    "column_bg": "#4D394B",
    "hover_item": "#3E313C",
    "menu_bg": "#3E313C",
    "text_color": "#FFFFFF"
  }
}
[06/16/18, 19:00:45:536] info: Store: STORE_API_TOKEN
{
  "teamId": "T9A14CKNZ",
  "token": "xoxs-⋯"
}
[06/16/18, 19:00:45:537] info: Store: UPDATE_TEAM_THEME
{
  "teamId": "T9A14CKNZ",
  "theme": {
    "active_item": "#6698C8",
    "active_item_text": "#FFFFFF",
    "active_presence": "#94E864",
    "badge": "#78AF8F",
    "column_bg": "#303E4D",
    "hover_item": "#4A5664",
    "menu_bg": "#2C3849",
    "text_color": "#FFFFFF"
  }
}
[06/16/18, 19:00:45:613] info: Store: UPDATE_TEAM_ICONS
{
  "icons": {
    "image_102": "https://slack-files2.s3-us-west-2.amazonaws.com/avatars/2017-12-22/290747504084_06553d4bb8012621e99a_102.png",
    "image_132": "https://slack-files2.s3-us-west-2.amazonaws.com/avatars/2017-12-22/290747504084_06553d4bb8012621e99a_132.png",
    "image_230": "https://slack-files2.s3-us-west-2.amazonaws.com/avatars/2017-12-22/290747504084_06553d4bb8012621e99a_230.png",
    "image_34": "https://slack-files2.s3-us-west-2.amazonaws.com/avatars/2017-12-22/290747504084_06553d4bb8012621e99a_34.png",
    "image_44": "https://slack-files2.s3-us-west-2.amazonaws.com/avatars/2017-12-22/290747504084_06553d4bb8012621e99a_44.png",
    "image_68": "https://slack-files2.s3-us-west-2.amazonaws.com/avatars/2017-12-22/290747504084_06553d4bb8012621e99a_68.png",
    "image_88": "https://slack-files2.s3-us-west-2.amazonaws.com/avatars/2017-12-22/290747504084_06553d4bb8012621e99a_88.png",
    "image_original": "https://slack-files2.s3-us-west-2.amazonaws.com/avatars/2017-12-22/290747504084_06553d4bb8012621e99a_original.png"
  },
  "teamId": "T8KGJDVTQ"
}
[06/16/18, 19:00:45:614] info: Store: UPDATE_TEAM_LOCALE
{
  "locale": "en-US",
  "teamId": "T8KGJDVTQ"
}
[06/16/18, 19:00:45:615] info: Store: UPSERT_WEB_CONTENTS
{
  "id": 3,
  "state": "webapp-loaded",
  "teamId": "T8KGJDVTQ"
}
[06/16/18, 19:00:45:859] info: Store: STORE_API_TOKEN
{
  "teamId": "T8KGJDVTQ",
  "token": "xoxs-⋯"
}
[06/16/18, 19:00:47:266] info: Raw Locale list: ["C","en_US.utf8","POSIX",""]
[06/16/18, 19:00:47:267] info: Filtered Locale list: ["en_US"]
[06/16/18, 19:00:47:267] info: Counts: {"en":["en_US"]}
[06/16/18, 19:00:47:267] info: Setting en
[06/16/18, 19:00:47:268] info: Result: {"en":"en-US"}
[06/16/18, 19:00:47:270] info: Requesting to load nl-NL, alternatives are ["nl-NL","nl-NL","nl-NL"]
[06/16/18, 19:00:47:271] info: Loading dictionary for language nl-NL
[06/16/18, 19:00:47:272] info: Returning local copy: /home/pieter-jan/.config/Slack/dictionaries/nl-NL.bdic
[06/16/18, 19:00:47:275] info: Setting current spellchecker to nl-NL, requested language was nl-NL
[06/16/18, 19:00:47:275] info: Creating node-spellchecker instance
[06/16/18, 19:00:47:278] info: Actually installing spell check provider to Electron
[06/16/18, 19:00:58:232] info: Unloading spellchecker
[06/16/18, 19:00:58:235] info: Restoring spellchecker
[06/16/18, 19:00:58:235] info: Loading dictionary for language nl-NL
[06/16/18, 19:00:58:235] info: Returning local copy: /home/pieter-jan/.config/Slack/dictionaries/nl-NL.bdic
[06/16/18, 19:00:58:248] info: Store: MAIN_WINDOW_FOCUSED
[06/16/18, 19:00:58:251] info: Setting current spellchecker to nl-NL, requested language was nl-NL
[06/16/18, 19:00:58:251] info: Creating node-spellchecker instance
[06/16/18, 19:00:58:329] info: Store: SELECT_TEAM T9A14CKNZ
[06/16/18, 19:00:58:338] info: Unloading spellchecker
[06/16/18, 19:01:16:170] info: Store: SELECT_CHANNEL D9A3RJY7N
[06/16/18, 19:03:21:704] info: Store: MAIN_WINDOW_FOCUSED
[06/16/18, 19:03:21:705] info: Store: MAIN_WINDOW_FOCUSED
[06/16/18, 19:03:25:962] info: Store: SELECT_CHANNEL C9AUM0F8X
[06/16/18, 19:06:56:619] info: Store: MAIN_WINDOW_FOCUSED
[06/16/18, 19:06:56:620] info: Store: MAIN_WINDOW_FOCUSED
[06/16/18, 19:14:54:917] info: Store: MAIN_WINDOW_FOCUSED
[06/16/18, 19:14:54:918] info: Store: MAIN_WINDOW_FOCUSED
[06/16/18, 19:17:51:428] info: Store: MAIN_WINDOW_FOCUSED
[06/16/18, 19:17:51:437] info: Store: MAIN_WINDOW_FOCUSED
[06/16/18, 19:19:35:381] info: Store: MAIN_WINDOW_FOCUSED
[06/16/18, 19:19:35:385] info: Store: MAIN_WINDOW_FOCUSED
[06/16/18, 19:19:53:006] info: Store: MAIN_WINDOW_FOCUSED
[06/16/18, 19:19:53:007] info: Store: MAIN_WINDOW_FOCUSED
[06/16/18, 19:23:22:934] info: Store: MAIN_WINDOW_FOCUSED
[06/16/18, 19:23:22:937] info: Store: MAIN_WINDOW_FOCUSED
[06/16/18, 19:23:39:103] info: Store: MAIN_WINDOW_FOCUSED
[06/16/18, 19:23:39:109] info: Store: SELECT_TEAM T8KGJDVTQ
[06/16/18, 19:23:39:121] info: Restoring spellchecker
[06/16/18, 19:23:39:122] info: Loading dictionary for language nl-NL
[06/16/18, 19:23:39:122] info: Returning local copy: /home/pieter-jan/.config/Slack/dictionaries/nl-NL.bdic
[06/16/18, 19:23:39:166] info: Setting current spellchecker to nl-NL, requested language was nl-NL
[06/16/18, 19:23:39:166] info: Creating node-spellchecker instance
[06/16/18, 19:23:40:631] info: Unloading spellchecker
[06/16/18, 19:23:40:633] info: Restoring spellchecker
[06/16/18, 19:23:40:633] info: Loading dictionary for language nl-NL
[06/16/18, 19:23:40:634] info: Returning local copy: /home/pieter-jan/.config/Slack/dictionaries/nl-NL.bdic
[06/16/18, 19:23:40:654] info: Store: MAIN_WINDOW_FOCUSED
[06/16/18, 19:23:40:659] info: Unloading spellchecker
[06/16/18, 19:23:40:659] info: Store: SELECT_TEAM T9A14CKNZ
[06/16/18, 19:23:40:663] info: Setting current spellchecker to nl-NL, requested language was nl-NL
[06/16/18, 19:23:40:663] info: Creating node-spellchecker instance
[06/16/18, 19:55:42:113] info: Store: MAIN_WINDOW_FOCUSED
[06/16/18, 19:55:42:116] info: Store: MAIN_WINDOW_FOCUSED
[06/16/18, 19:56:18:085] info: Store: MAIN_WINDOW_FOCUSED
[06/16/18, 19:56:18:086] info: Store: MAIN_WINDOW_FOCUSED
